{
  "RSpec": {
    "coverage": {
      "/Users/chandanchoubey/Projects/Ruby/git_search/app/controllers/api/v1/repositories_controller.rb": {
        "lines": [
          1,
          1,
          2,
          null,
          null,
          null,
          null,
          null,
          null,
          2,
          null,
          2,
          null,
          null
        ]
      },
      "/Users/chandanchoubey/Projects/Ruby/git_search/app/controllers/application_controller.rb": {
        "lines": [
          1,
          null
        ]
      },
      "/Users/chandanchoubey/Projects/Ruby/git_search/app/services/github_api_service.rb": {
        "lines": [
          1,
          1,
          2,
          2,
          2,
          2,
          2,
          null,
          null,
          1,
          2,
          2,
          2,
          2,
          null,
          2,
          null,
          null,
          1,
          null,
          1,
          2,
          2,
          null,
          null,
          1,
          2,
          2,
          null,
          2,
          null,
          20,
          null,
          null,
          null,
          null,
          null,
          2,
          null,
          null,
          null
        ]
      }
    },
    "timestamp": 1710869898
  }
}
